16:38:50.184 INFO - Launching a standalone server
Setting system property webdriver.chrome.driver to /usr/local/lib/node_modules/starrynight/node_modules/chromedriver/bin/chromedriver
16:38:50.230 INFO - Java: Apple Inc. 20.65-b04-466.1
16:38:50.231 INFO - OS: Mac OS X 10.10.5 x86_64
16:38:50.246 INFO - v2.45.0, with Core v2.45.0. Built from revision 5017cb8
16:38:50.345 INFO - Default driver org.openqa.selenium.ie.InternetExplorerDriver registration is skipped: registration capabilities Capabilities [{platform=WINDOWS, ensureCleanSession=true, browserName=internet explorer, version=}] does not match with current platform: MAC
16:38:50.383 INFO - RemoteWebDriver instances should connect to: http://127.0.0.1:4444/wd/hub
16:38:50.384 INFO - Version Jetty/5.1.x
16:38:50.384 INFO - Started HttpContext[/selenium-server/driver,/selenium-server/driver]
16:38:50.385 INFO - Started HttpContext[/selenium-server,/selenium-server]
16:38:50.385 INFO - Started HttpContext[/,/]
16:38:50.420 INFO - Started org.openqa.jetty.jetty.servlet.ServletHandler@643c0007
16:38:50.421 INFO - Started HttpContext[/wd,/wd]
16:38:50.426 INFO - Started SocketListener on 0.0.0.0:4444
16:38:50.426 INFO - Started org.openqa.jetty.jetty.Server@acfec48
16:38:50.758 INFO - Executing: [new session: Capabilities [{loggingPrefs=org.openqa.selenium.logging.LoggingPreferences@2c78bc3b, platform=ANY, acceptSslCerts=true, javascriptEnabled=true, browserName=chrome, name=App Layout}]])
16:38:50.770 INFO - Creating a new session for Capabilities [{loggingPrefs=org.openqa.selenium.logging.LoggingPreferences@2c78bc3b, platform=ANY, acceptSslCerts=true, javascriptEnabled=true, browserName=chrome, name=App Layout}]
Starting ChromeDriver 2.15.322455 (ae8db840dac8d0c453355d3d922c91adfb61df8f) on port 20012
Only local connections are allowed.
16:38:52.792 INFO - Done: [new session: Capabilities [{loggingPrefs=org.openqa.selenium.logging.LoggingPreferences@2c78bc3b, platform=ANY, acceptSslCerts=true, javascriptEnabled=true, browserName=chrome, name=App Layout}]]
16:38:52.804 INFO - Executing: [get: http://localhost:3000/wb])
16:38:54.530 INFO - Done: [get: http://localhost:3000/wb]
16:38:54.538 INFO - Executing: [set window size])
16:38:55.232 INFO - Done: [set window size]
16:38:56.247 INFO - Executing: [find elements: By.cssSelector: #MedBookImage])
16:38:56.279 INFO - Done: [find elements: By.cssSelector: #MedBookImage]
16:38:56.282 INFO - Executing: [set script timeoutt: 1000])
16:38:56.286 INFO - Done: [set script timeoutt: 1000]
16:38:56.289 INFO - Executing: [execute async script: var passedArgs = Array.prototype.slice.call(arguments,0); return function (data, done){
        Accounts.createUser({
          email: 'testing@medbook.ucsc.edu',
          password: 'testing',
          profile: {
            collaborations: ['testing']
          }
        }, done);
      }.apply(window, passedArgs);, []])
16:38:58.691 WARN - Exception thrown
org.openqa.selenium.TimeoutException: asynchronous script timeout: result was not received in 1 seconds
  (Session info: chrome=47.0.2526.80)
  (Driver info: chromedriver=2.15.322455 (ae8db840dac8d0c453355d3d922c91adfb61df8f),platform=Mac OS X 10.10.5 x86_64) (WARNING: The server did not provide any stacktrace information)
Command duration or timeout: 1.06 seconds
Build info: version: '2.45.0', revision: '5017cb8', time: '2015-02-26 23:59:50'
System info: host: 'eduroam-169-233-209-144.ucsc.edu', ip: '169.233.209.144', os.name: 'Mac OS X', os.arch: 'x86_64', os.version: '10.10.5', java.version: '1.6.0_65'
Session ID: 79f871ed24d107c54cc99f1851bdd5d5
Driver info: org.openqa.selenium.chrome.ChromeDriver
Capabilities [{platform=MAC, acceptSslCerts=true, javascriptEnabled=true, browserName=chrome, chrome={userDataDir=/var/folders/72/dqnnr5js37n3hqx0879r9t4m0000gn/T/.org.chromium.Chromium.7BLu12}, rotatable=false, locationContextEnabled=true, mobileEmulationEnabled=false, version=47.0.2526.80, takesHeapSnapshot=true, cssSelectorsEnabled=true, databaseEnabled=false, handlesAlerts=true, browserConnectionEnabled=false, webStorageEnabled=true, nativeEvents=true, applicationCacheEnabled=false, takesScreenshot=true}]
	at sun.reflect.NativeConstructorAccessorImpl.newInstance0(Native Method)
	at sun.reflect.NativeConstructorAccessorImpl.newInstance(NativeConstructorAccessorImpl.java:39)
	at sun.reflect.DelegatingConstructorAccessorImpl.newInstance(DelegatingConstructorAccessorImpl.java:27)
	at java.lang.reflect.Constructor.newInstance(Constructor.java:513)
	at org.openqa.selenium.remote.ErrorHandler.createThrowable(ErrorHandler.java:204)
	at org.openqa.selenium.remote.ErrorHandler.throwIfResponseFailed(ErrorHandler.java:156)
	at org.openqa.selenium.remote.RemoteWebDriver.execute(RemoteWebDriver.java:599)
	at org.openqa.selenium.remote.RemoteWebDriver.executeAsyncScript(RemoteWebDriver.java:526)
	at sun.reflect.NativeMethodAccessorImpl.invoke0(Native Method)
	at sun.reflect.NativeMethodAccessorImpl.invoke(NativeMethodAccessorImpl.java:39)
	at sun.reflect.DelegatingMethodAccessorImpl.invoke(DelegatingMethodAccessorImpl.java:25)
	at java.lang.reflect.Method.invoke(Method.java:597)
	at org.openqa.selenium.support.events.EventFiringWebDriver$2.invoke(EventFiringWebDriver.java:101)
	at com.sun.proxy.$Proxy1.executeAsyncScript(Unknown Source)
	at org.openqa.selenium.support.events.EventFiringWebDriver.executeAsyncScript(EventFiringWebDriver.java:225)
	at org.openqa.selenium.remote.server.handler.ExecuteAsyncScript.call(ExecuteAsyncScript.java:57)
	at java.util.concurrent.FutureTask$Sync.innerRun(FutureTask.java:303)
	at java.util.concurrent.FutureTask.run(FutureTask.java:138)
	at org.openqa.selenium.remote.server.DefaultSession$1.run(DefaultSession.java:168)
	at java.util.concurrent.ThreadPoolExecutor$Worker.runTask(ThreadPoolExecutor.java:895)
	at java.util.concurrent.ThreadPoolExecutor$Worker.run(ThreadPoolExecutor.java:918)
	at java.lang.Thread.run(Thread.java:695)
16:38:58.693 WARN - Exception: asynchronous script timeout: result was not received in 1 seconds
  (Session info: chrome=47.0.2526.80)
  (Driver info: chromedriver=2.15.322455 (ae8db840dac8d0c453355d3d922c91adfb61df8f),platform=Mac OS X 10.10.5 x86_64) (WARNING: The server did not provide any stacktrace information)
Command duration or timeout: 1.06 seconds
Build info: version: '2.45.0', revision: '5017cb8', time: '2015-02-26 23:59:50'
System info: host: 'eduroam-169-233-209-144.ucsc.edu', ip: '169.233.209.144', os.name: 'Mac OS X', os.arch: 'x86_64', os.version: '10.10.5', java.version: '1.6.0_65'
Session ID: 79f871ed24d107c54cc99f1851bdd5d5
Driver info: org.openqa.selenium.chrome.ChromeDriver
Capabilities [{platform=MAC, acceptSslCerts=true, javascriptEnabled=true, browserName=chrome, chrome={userDataDir=/var/folders/72/dqnnr5js37n3hqx0879r9t4m0000gn/T/.org.chromium.Chromium.7BLu12}, rotatable=false, locationContextEnabled=true, mobileEmulationEnabled=false, version=47.0.2526.80, takesHeapSnapshot=true, cssSelectorsEnabled=true, databaseEnabled=false, handlesAlerts=true, browserConnectionEnabled=false, webStorageEnabled=true, nativeEvents=true, applicationCacheEnabled=false, takesScreenshot=true}]
16:38:58.829 INFO - Executing: [execute async script: var passedArgs = Array.prototype.slice.call(arguments,0); return function (data, done) {
        Meteor.logout(done);
      }.apply(window, passedArgs);, []])
16:39:00.212 WARN - Exception thrown
org.openqa.selenium.TimeoutException: asynchronous script timeout: result was not received in 1 seconds
  (Session info: chrome=47.0.2526.80)
  (Driver info: chromedriver=2.15.322455 (ae8db840dac8d0c453355d3d922c91adfb61df8f),platform=Mac OS X 10.10.5 x86_64) (WARNING: The server did not provide any stacktrace information)
Command duration or timeout: 1.04 seconds
Build info: version: '2.45.0', revision: '5017cb8', time: '2015-02-26 23:59:50'
System info: host: 'eduroam-169-233-209-144.ucsc.edu', ip: '169.233.209.144', os.name: 'Mac OS X', os.arch: 'x86_64', os.version: '10.10.5', java.version: '1.6.0_65'
Session ID: 79f871ed24d107c54cc99f1851bdd5d5
Driver info: org.openqa.selenium.chrome.ChromeDriver
Capabilities [{platform=MAC, acceptSslCerts=true, javascriptEnabled=true, browserName=chrome, chrome={userDataDir=/var/folders/72/dqnnr5js37n3hqx0879r9t4m0000gn/T/.org.chromium.Chromium.7BLu12}, rotatable=false, locationContextEnabled=true, mobileEmulationEnabled=false, version=47.0.2526.80, takesHeapSnapshot=true, cssSelectorsEnabled=true, databaseEnabled=false, handlesAlerts=true, browserConnectionEnabled=false, webStorageEnabled=true, nativeEvents=true, applicationCacheEnabled=false, takesScreenshot=true}]
	at sun.reflect.NativeConstructorAccessorImpl.newInstance0(Native Method)
	at sun.reflect.NativeConstructorAccessorImpl.newInstance(NativeConstructorAccessorImpl.java:39)
	at sun.reflect.DelegatingConstructorAccessorImpl.newInstance(DelegatingConstructorAccessorImpl.java:27)
	at java.lang.reflect.Constructor.newInstance(Constructor.java:513)
	at org.openqa.selenium.remote.ErrorHandler.createThrowable(ErrorHandler.java:204)
	at org.openqa.selenium.remote.ErrorHandler.throwIfResponseFailed(ErrorHandler.java:156)
	at org.openqa.selenium.remote.RemoteWebDriver.execute(RemoteWebDriver.java:599)
	at org.openqa.selenium.remote.RemoteWebDriver.executeAsyncScript(RemoteWebDriver.java:526)
	at sun.reflect.NativeMethodAccessorImpl.invoke0(Native Method)
	at sun.reflect.NativeMethodAccessorImpl.invoke(NativeMethodAccessorImpl.java:39)
	at sun.reflect.DelegatingMethodAccessorImpl.invoke(DelegatingMethodAccessorImpl.java:25)
	at java.lang.reflect.Method.invoke(Method.java:597)
	at org.openqa.selenium.support.events.EventFiringWebDriver$2.invoke(EventFiringWebDriver.java:101)
	at com.sun.proxy.$Proxy1.executeAsyncScript(Unknown Source)
	at org.openqa.selenium.support.events.EventFiringWebDriver.executeAsyncScript(EventFiringWebDriver.java:225)
	at org.openqa.selenium.remote.server.handler.ExecuteAsyncScript.call(ExecuteAsyncScript.java:57)
	at java.util.concurrent.FutureTask$Sync.innerRun(FutureTask.java:303)
	at java.util.concurrent.FutureTask.run(FutureTask.java:138)
	at org.openqa.selenium.remote.server.DefaultSession$1.run(DefaultSession.java:168)
	at java.util.concurrent.ThreadPoolExecutor$Worker.runTask(ThreadPoolExecutor.java:895)
	at java.util.concurrent.ThreadPoolExecutor$Worker.run(ThreadPoolExecutor.java:918)
	at java.lang.Thread.run(Thread.java:695)
16:39:00.212 WARN - Exception: asynchronous script timeout: result was not received in 1 seconds
  (Session info: chrome=47.0.2526.80)
  (Driver info: chromedriver=2.15.322455 (ae8db840dac8d0c453355d3d922c91adfb61df8f),platform=Mac OS X 10.10.5 x86_64) (WARNING: The server did not provide any stacktrace information)
Command duration or timeout: 1.04 seconds
Build info: version: '2.45.0', revision: '5017cb8', time: '2015-02-26 23:59:50'
System info: host: 'eduroam-169-233-209-144.ucsc.edu', ip: '169.233.209.144', os.name: 'Mac OS X', os.arch: 'x86_64', os.version: '10.10.5', java.version: '1.6.0_65'
Session ID: 79f871ed24d107c54cc99f1851bdd5d5
Driver info: org.openqa.selenium.chrome.ChromeDriver
Capabilities [{platform=MAC, acceptSslCerts=true, javascriptEnabled=true, browserName=chrome, chrome={userDataDir=/var/folders/72/dqnnr5js37n3hqx0879r9t4m0000gn/T/.org.chromium.Chromium.7BLu12}, rotatable=false, locationContextEnabled=true, mobileEmulationEnabled=false, version=47.0.2526.80, takesHeapSnapshot=true, cssSelectorsEnabled=true, databaseEnabled=false, handlesAlerts=true, browserConnectionEnabled=false, webStorageEnabled=true, nativeEvents=true, applicationCacheEnabled=false, takesScreenshot=true}]
16:39:00.289 INFO - Executing: [find elements: By.cssSelector: #login-buttons])
16:39:00.302 INFO - Done: [find elements: By.cssSelector: #login-buttons]
16:39:00.305 INFO - Executing: [is displayed: 1 [[ChromeDriver: chrome on MAC (79f871ed24d107c54cc99f1851bdd5d5)] -> css selector: #login-buttons]])
16:39:00.316 INFO - Done: [is displayed: 1 [[ChromeDriver: chrome on MAC (79f871ed24d107c54cc99f1851bdd5d5)] -> css selector: #login-buttons]]
16:39:00.319 INFO - Executing: [find element: By.cssSelector: #login-sign-in-link])
16:39:00.332 INFO - Done: [find element: By.cssSelector: #login-sign-in-link]
16:39:00.335 INFO - Executing: [click: 2 [[ChromeDriver: chrome on MAC (79f871ed24d107c54cc99f1851bdd5d5)] -> css selector: #login-sign-in-link]])
16:39:00.363 INFO - Done: [click: 2 [[ChromeDriver: chrome on MAC (79f871ed24d107c54cc99f1851bdd5d5)] -> css selector: #login-sign-in-link]]
16:39:00.771 INFO - Executing: [find elements: By.cssSelector: #login-dropdown-list])
16:39:00.784 INFO - Done: [find elements: By.cssSelector: #login-dropdown-list]
16:39:00.788 INFO - Executing: [find elements: By.cssSelector: #login-email])
16:39:00.801 INFO - Done: [find elements: By.cssSelector: #login-email]
16:39:00.804 INFO - Executing: [find elements: By.cssSelector: #login-password])
16:39:00.817 INFO - Done: [find elements: By.cssSelector: #login-password]
16:39:00.820 INFO - Executing: [find element: By.cssSelector: #login-email])
16:39:00.834 INFO - Done: [find element: By.cssSelector: #login-email]
16:39:00.837 INFO - Executing: [send keys: 4 [[ChromeDriver: chrome on MAC (79f871ed24d107c54cc99f1851bdd5d5)] -> css selector: #login-email], [t, e, s, t, i, n, g, @, m, e, d, b, o, o, k, ., u, c, s, c, ., e, d, u]])
16:39:00.895 INFO - Done: [send keys: 4 [[ChromeDriver: chrome on MAC (79f871ed24d107c54cc99f1851bdd5d5)] -> css selector: #login-email], [t, e, s, t, i, n, g, @, m, e, d, b, o, o, k, ., u, c, s, c, ., e, d, u]]
16:39:00.898 INFO - Executing: [find element: By.cssSelector: #login-password])
16:39:00.960 INFO - Done: [find element: By.cssSelector: #login-password]
16:39:00.963 INFO - Executing: [send keys: 5 [[ChromeDriver: chrome on MAC (79f871ed24d107c54cc99f1851bdd5d5)] -> css selector: #login-password], [t, e, s, t, i, n, g]])
16:39:01.003 INFO - Done: [send keys: 5 [[ChromeDriver: chrome on MAC (79f871ed24d107c54cc99f1851bdd5d5)] -> css selector: #login-password], [t, e, s, t, i, n, g]]
16:39:01.007 INFO - Executing: [find element: By.cssSelector: #login-buttons-password])
16:39:01.024 INFO - Done: [find element: By.cssSelector: #login-buttons-password]
16:39:01.026 INFO - Executing: [click: 6 [[ChromeDriver: chrome on MAC (79f871ed24d107c54cc99f1851bdd5d5)] -> css selector: #login-buttons-password]])
16:39:01.055 INFO - Done: [click: 6 [[ChromeDriver: chrome on MAC (79f871ed24d107c54cc99f1851bdd5d5)] -> css selector: #login-buttons-password]]
16:39:02.064 INFO - Executing: [delete session: e1aa38e2-00f0-4c4e-b7b7-de9cfc10b2b1])
16:39:02.628 INFO - Done: [delete session: e1aa38e2-00f0-4c4e-b7b7-de9cfc10b2b1]
